2023-12-23 00:02:35,031 INFO o.h.v.i.u.Version [background-preinit] HV000001: Hibernate Validator 8.0.1.Final
2023-12-23 00:02:35,075 INFO o.s.b.StartupInfoLogger [restartedMain] Starting SudokuDbApiApplication using Java 17.0.9 with PID 7532 (C:\Users\OPB\Desktop\projects\sudoku\sudoku-db-api\target\classes started by OPB in C:\Users\OPB\Desktop\projects\sudoku\sudoku-db-api)
2023-12-23 00:02:35,075 INFO o.s.b.StartupInfoLogger [restartedMain] Starting SudokuDbApiApplication using Java 17.0.9 with PID 7532 (C:\Users\OPB\Desktop\projects\sudoku\sudoku-db-api\target\classes started by OPB in C:\Users\OPB\Desktop\projects\sudoku\sudoku-db-api)
2023-12-23 00:02:35,083 INFO o.s.b.SpringApplication [restartedMain] No active profile set, falling back to 1 default profile: "default"
2023-12-23 00:02:35,083 INFO o.s.b.SpringApplication [restartedMain] No active profile set, falling back to 1 default profile: "default"
2023-12-23 00:02:35,126 INFO o.s.b.l.DeferredLog [restartedMain] Devtools property defaults active! Set 'spring.devtools.add-properties' to 'false' to disable
2023-12-23 00:02:35,126 INFO o.s.b.l.DeferredLog [restartedMain] For additional web related logging consider setting the 'logging.level.web' property to 'DEBUG'
2023-12-23 00:02:35,873 INFO o.s.d.r.c.RepositoryConfigurationDelegate [restartedMain] Bootstrapping Spring Data JPA repositories in DEFAULT mode.
2023-12-23 00:02:35,942 INFO o.s.d.r.c.RepositoryConfigurationDelegate [restartedMain] Finished Spring Data repository scanning in 58 ms. Found 6 JPA repository interfaces.
2023-12-23 00:02:36,550 INFO o.s.b.w.e.t.TomcatWebServer [restartedMain] Tomcat initialized with port 9090 (http)
2023-12-23 00:02:36,559 INFO o.a.j.l.DirectJDKLog [restartedMain] Initializing ProtocolHandler ["http-nio-9090"]
2023-12-23 00:02:36,563 INFO o.a.j.l.DirectJDKLog [restartedMain] Starting service [Tomcat]
2023-12-23 00:02:36,563 INFO o.a.j.l.DirectJDKLog [restartedMain] Starting Servlet engine: [Apache Tomcat/10.1.16]
2023-12-23 00:02:36,616 INFO o.a.j.l.DirectJDKLog [restartedMain] Initializing Spring embedded WebApplicationContext
2023-12-23 00:02:36,617 INFO o.s.b.w.s.c.ServletWebServerApplicationContext [restartedMain] Root WebApplicationContext: initialization completed in 1489 ms
2023-12-23 00:02:36,775 INFO o.h.j.i.u.LogHelper [restartedMain] HHH000204: Processing PersistenceUnitInfo [name: default]
2023-12-23 00:02:36,841 INFO o.h.Version [restartedMain] HHH000412: Hibernate ORM core version 6.3.1.Final
2023-12-23 00:02:36,880 INFO o.h.c.i.RegionFactoryInitiator [restartedMain] HHH000026: Second-level cache disabled
2023-12-23 00:02:37,112 INFO o.s.o.j.p.SpringPersistenceUnitInfo [restartedMain] No LoadTimeWeaver setup: ignoring JPA class transformer
2023-12-23 00:02:37,139 INFO c.z.h.HikariDataSource [restartedMain] HikariPool-1 - Starting...
2023-12-23 00:02:37,139 INFO c.z.h.HikariDataSource [restartedMain] HikariPool-1 - Starting...
2023-12-23 00:02:37,407 INFO c.z.h.p.HikariPool [restartedMain] HikariPool-1 - Added connection com.mysql.cj.jdbc.ConnectionImpl@216fac9c
2023-12-23 00:02:37,407 INFO c.z.h.p.HikariPool [restartedMain] HikariPool-1 - Added connection com.mysql.cj.jdbc.ConnectionImpl@216fac9c
2023-12-23 00:02:37,410 INFO c.z.h.HikariDataSource [restartedMain] HikariPool-1 - Start completed.
2023-12-23 00:02:37,410 INFO c.z.h.HikariDataSource [restartedMain] HikariPool-1 - Start completed.
2023-12-23 00:02:37,467 WARN o.h.e.j.d.i.DialectFactoryImpl [restartedMain] HHH90000025: MySQLDialect does not need to be specified explicitly using 'hibernate.dialect' (remove the property setting and it will be selected by default)
2023-12-23 00:02:38,088 INFO o.h.m.i.EmbeddableInstantiatorPojoStandard [restartedMain] HHH000182: No default (no-argument) constructor for class: com.example.sudokudbapi.dataModes.Friend (class must be instantiated by Interceptor)
2023-12-23 00:02:38,105 INFO o.h.m.i.EntityInstantiatorPojoStandard [restartedMain] HHH000182: No default (no-argument) constructor for class: com.example.sudokudbapi.dataModes.Friend (class must be instantiated by Interceptor)
2023-12-23 00:02:38,169 INFO o.h.m.i.EmbeddableInstantiatorPojoStandard [restartedMain] HHH000182: No default (no-argument) constructor for class: com.example.sudokudbapi.dataModes.Friend (class must be instantiated by Interceptor)
2023-12-23 00:02:38,285 INFO o.h.e.t.j.p.i.JtaPlatformInitiator [restartedMain] HHH000489: No JTA platform available (set 'hibernate.transaction.jta.platform' to enable JTA platform integration)
2023-12-23 00:02:38,370 INFO o.s.o.j.AbstractEntityManagerFactoryBean [restartedMain] Initialized JPA EntityManagerFactory for persistence unit 'default'
2023-12-23 00:02:38,645 WARN o.s.b.a.o.j.JpaBaseConfiguration$JpaWebConfiguration [restartedMain] spring.jpa.open-in-view is enabled by default. Therefore, database queries may be performed during view rendering. Explicitly configure spring.jpa.open-in-view to disable this warning
2023-12-23 00:02:38,965 INFO o.s.b.d.a.OptionalLiveReloadServer [restartedMain] LiveReload server is running on port 35729
2023-12-23 00:02:38,975 INFO o.a.j.l.DirectJDKLog [restartedMain] Starting ProtocolHandler ["http-nio-9090"]
2023-12-23 00:02:38,995 INFO o.s.b.w.e.t.TomcatWebServer [restartedMain] Tomcat started on port 9090 (http) with context path ''
2023-12-23 00:02:39,003 INFO o.s.b.StartupInfoLogger [restartedMain] Started SudokuDbApiApplication in 4.319 seconds (process running for 4.797)
2023-12-23 00:02:39,003 INFO o.s.b.StartupInfoLogger [restartedMain] Started SudokuDbApiApplication in 4.319 seconds (process running for 4.797)
2023-12-23 00:02:47,169 INFO o.a.j.l.DirectJDKLog [http-nio-9090-exec-1] Initializing Spring DispatcherServlet 'dispatcherServlet'
2023-12-23 00:02:47,170 INFO o.s.w.s.FrameworkServlet [http-nio-9090-exec-1] Initializing Servlet 'dispatcherServlet'
2023-12-23 00:02:47,171 INFO o.s.w.s.FrameworkServlet [http-nio-9090-exec-1] Completed initialization in 1 ms
2023-12-23 00:02:47,365 WARN o.s.w.s.h.AbstractHandlerExceptionResolver [http-nio-9090-exec-1] Resolved [org.springframework.http.converter.HttpMessageNotWritableException: Could not write JSON: No default constructor for entity 'com.example.sudokudbapi.dataModes.Friend']
2023-12-23 00:03:18,336 WARN o.s.w.s.h.AbstractHandlerExceptionResolver [http-nio-9090-exec-3] Resolved [org.springframework.http.converter.HttpMessageNotWritableException: Could not write JSON: No default constructor for entity 'com.example.sudokudbapi.dataModes.Friend']
2023-12-23 00:04:52,633 INFO o.h.v.i.u.Version [background-preinit] HV000001: Hibernate Validator 8.0.1.Final
2023-12-23 00:04:52,677 INFO o.s.b.StartupInfoLogger [restartedMain] Starting SudokuDbApiApplication using Java 17.0.9 with PID 13712 (C:\Users\OPB\Desktop\projects\sudoku\sudoku-db-api\target\classes started by OPB in C:\Users\OPB\Desktop\projects\sudoku\sudoku-db-api)
2023-12-23 00:04:52,677 INFO o.s.b.StartupInfoLogger [restartedMain] Starting SudokuDbApiApplication using Java 17.0.9 with PID 13712 (C:\Users\OPB\Desktop\projects\sudoku\sudoku-db-api\target\classes started by OPB in C:\Users\OPB\Desktop\projects\sudoku\sudoku-db-api)
2023-12-23 00:04:52,679 INFO o.s.b.SpringApplication [restartedMain] No active profile set, falling back to 1 default profile: "default"
2023-12-23 00:04:52,679 INFO o.s.b.SpringApplication [restartedMain] No active profile set, falling back to 1 default profile: "default"
2023-12-23 00:04:52,715 INFO o.s.b.l.DeferredLog [restartedMain] Devtools property defaults active! Set 'spring.devtools.add-properties' to 'false' to disable
2023-12-23 00:04:52,716 INFO o.s.b.l.DeferredLog [restartedMain] For additional web related logging consider setting the 'logging.level.web' property to 'DEBUG'
2023-12-23 00:04:53,274 INFO o.s.d.r.c.RepositoryConfigurationDelegate [restartedMain] Bootstrapping Spring Data JPA repositories in DEFAULT mode.
2023-12-23 00:04:53,340 INFO o.s.d.r.c.RepositoryConfigurationDelegate [restartedMain] Finished Spring Data repository scanning in 57 ms. Found 6 JPA repository interfaces.
2023-12-23 00:04:53,876 INFO o.s.b.w.e.t.TomcatWebServer [restartedMain] Tomcat initialized with port 9090 (http)
2023-12-23 00:04:53,884 INFO o.a.j.l.DirectJDKLog [restartedMain] Initializing ProtocolHandler ["http-nio-9090"]
2023-12-23 00:04:53,887 INFO o.a.j.l.DirectJDKLog [restartedMain] Starting service [Tomcat]
2023-12-23 00:04:53,888 INFO o.a.j.l.DirectJDKLog [restartedMain] Starting Servlet engine: [Apache Tomcat/10.1.16]
2023-12-23 00:04:53,939 INFO o.a.j.l.DirectJDKLog [restartedMain] Initializing Spring embedded WebApplicationContext
2023-12-23 00:04:53,940 INFO o.s.b.w.s.c.ServletWebServerApplicationContext [restartedMain] Root WebApplicationContext: initialization completed in 1223 ms
2023-12-23 00:04:54,083 INFO o.h.j.i.u.LogHelper [restartedMain] HHH000204: Processing PersistenceUnitInfo [name: default]
2023-12-23 00:04:54,133 INFO o.h.Version [restartedMain] HHH000412: Hibernate ORM core version 6.3.1.Final
2023-12-23 00:04:54,165 INFO o.h.c.i.RegionFactoryInitiator [restartedMain] HHH000026: Second-level cache disabled
2023-12-23 00:04:54,379 INFO o.s.o.j.p.SpringPersistenceUnitInfo [restartedMain] No LoadTimeWeaver setup: ignoring JPA class transformer
2023-12-23 00:04:54,403 INFO c.z.h.HikariDataSource [restartedMain] HikariPool-1 - Starting...
2023-12-23 00:04:54,403 INFO c.z.h.HikariDataSource [restartedMain] HikariPool-1 - Starting...
2023-12-23 00:04:54,673 INFO c.z.h.p.HikariPool [restartedMain] HikariPool-1 - Added connection com.mysql.cj.jdbc.ConnectionImpl@12c523f1
2023-12-23 00:04:54,673 INFO c.z.h.p.HikariPool [restartedMain] HikariPool-1 - Added connection com.mysql.cj.jdbc.ConnectionImpl@12c523f1
2023-12-23 00:04:54,675 INFO c.z.h.HikariDataSource [restartedMain] HikariPool-1 - Start completed.
2023-12-23 00:04:54,675 INFO c.z.h.HikariDataSource [restartedMain] HikariPool-1 - Start completed.
2023-12-23 00:04:55,307 INFO o.h.m.i.EmbeddableInstantiatorPojoStandard [restartedMain] HHH000182: No default (no-argument) constructor for class: com.example.sudokudbapi.dataModes.Friend (class must be instantiated by Interceptor)
2023-12-23 00:04:55,325 INFO o.h.m.i.EntityInstantiatorPojoStandard [restartedMain] HHH000182: No default (no-argument) constructor for class: com.example.sudokudbapi.dataModes.Friend (class must be instantiated by Interceptor)
2023-12-23 00:04:55,383 INFO o.h.m.i.EmbeddableInstantiatorPojoStandard [restartedMain] HHH000182: No default (no-argument) constructor for class: com.example.sudokudbapi.dataModes.Friend (class must be instantiated by Interceptor)
2023-12-23 00:04:55,497 INFO o.h.e.t.j.p.i.JtaPlatformInitiator [restartedMain] HHH000489: No JTA platform available (set 'hibernate.transaction.jta.platform' to enable JTA platform integration)
2023-12-23 00:04:55,571 INFO o.s.o.j.AbstractEntityManagerFactoryBean [restartedMain] Initialized JPA EntityManagerFactory for persistence unit 'default'
2023-12-23 00:04:55,835 WARN o.s.b.a.o.j.JpaBaseConfiguration$JpaWebConfiguration [restartedMain] spring.jpa.open-in-view is enabled by default. Therefore, database queries may be performed during view rendering. Explicitly configure spring.jpa.open-in-view to disable this warning
2023-12-23 00:04:56,119 INFO o.s.b.d.a.OptionalLiveReloadServer [restartedMain] LiveReload server is running on port 35729
2023-12-23 00:04:56,132 INFO o.a.j.l.DirectJDKLog [restartedMain] Starting ProtocolHandler ["http-nio-9090"]
2023-12-23 00:04:56,153 INFO o.s.b.w.e.t.TomcatWebServer [restartedMain] Tomcat started on port 9090 (http) with context path ''
2023-12-23 00:04:56,161 INFO o.s.b.StartupInfoLogger [restartedMain] Started SudokuDbApiApplication in 3.89 seconds (process running for 4.319)
2023-12-23 00:04:56,161 INFO o.s.b.StartupInfoLogger [restartedMain] Started SudokuDbApiApplication in 3.89 seconds (process running for 4.319)
2023-12-23 00:05:02,073 INFO o.a.j.l.DirectJDKLog [http-nio-9090-exec-1] Initializing Spring DispatcherServlet 'dispatcherServlet'
2023-12-23 00:05:02,074 INFO o.s.w.s.FrameworkServlet [http-nio-9090-exec-1] Initializing Servlet 'dispatcherServlet'
2023-12-23 00:05:02,075 INFO o.s.w.s.FrameworkServlet [http-nio-9090-exec-1] Completed initialization in 1 ms
2023-12-23 00:05:18,949 WARN o.s.w.s.h.AbstractHandlerExceptionResolver [http-nio-9090-exec-3] Resolved [org.springframework.http.converter.HttpMessageNotWritableException: Could not write JSON: No default constructor for entity 'com.example.sudokudbapi.dataModes.Friend']
2023-12-23 00:06:53,843 INFO o.h.v.i.u.Version [background-preinit] HV000001: Hibernate Validator 8.0.1.Final
2023-12-23 00:06:53,888 INFO o.s.b.StartupInfoLogger [restartedMain] Starting SudokuDbApiApplication using Java 17.0.9 with PID 10360 (C:\Users\OPB\Desktop\projects\sudoku\sudoku-db-api\target\classes started by OPB in C:\Users\OPB\Desktop\projects\sudoku\sudoku-db-api)
2023-12-23 00:06:53,888 INFO o.s.b.StartupInfoLogger [restartedMain] Starting SudokuDbApiApplication using Java 17.0.9 with PID 10360 (C:\Users\OPB\Desktop\projects\sudoku\sudoku-db-api\target\classes started by OPB in C:\Users\OPB\Desktop\projects\sudoku\sudoku-db-api)
2023-12-23 00:06:53,890 INFO o.s.b.SpringApplication [restartedMain] No active profile set, falling back to 1 default profile: "default"
2023-12-23 00:06:53,890 INFO o.s.b.SpringApplication [restartedMain] No active profile set, falling back to 1 default profile: "default"
2023-12-23 00:06:53,930 INFO o.s.b.l.DeferredLog [restartedMain] Devtools property defaults active! Set 'spring.devtools.add-properties' to 'false' to disable
2023-12-23 00:06:53,931 INFO o.s.b.l.DeferredLog [restartedMain] For additional web related logging consider setting the 'logging.level.web' property to 'DEBUG'
2023-12-23 00:06:54,484 INFO o.s.d.r.c.RepositoryConfigurationDelegate [restartedMain] Bootstrapping Spring Data JPA repositories in DEFAULT mode.
2023-12-23 00:06:54,544 INFO o.s.d.r.c.RepositoryConfigurationDelegate [restartedMain] Finished Spring Data repository scanning in 50 ms. Found 6 JPA repository interfaces.
2023-12-23 00:06:55,099 INFO o.s.b.w.e.t.TomcatWebServer [restartedMain] Tomcat initialized with port 9090 (http)
2023-12-23 00:06:55,107 INFO o.a.j.l.DirectJDKLog [restartedMain] Initializing ProtocolHandler ["http-nio-9090"]
2023-12-23 00:06:55,109 INFO o.a.j.l.DirectJDKLog [restartedMain] Starting service [Tomcat]
2023-12-23 00:06:55,110 INFO o.a.j.l.DirectJDKLog [restartedMain] Starting Servlet engine: [Apache Tomcat/10.1.16]
2023-12-23 00:06:55,162 INFO o.a.j.l.DirectJDKLog [restartedMain] Initializing Spring embedded WebApplicationContext
2023-12-23 00:06:55,164 INFO o.s.b.w.s.c.ServletWebServerApplicationContext [restartedMain] Root WebApplicationContext: initialization completed in 1229 ms
2023-12-23 00:06:55,296 INFO o.h.j.i.u.LogHelper [restartedMain] HHH000204: Processing PersistenceUnitInfo [name: default]
2023-12-23 00:06:55,344 INFO o.h.Version [restartedMain] HHH000412: Hibernate ORM core version 6.3.1.Final
2023-12-23 00:06:55,382 INFO o.h.c.i.RegionFactoryInitiator [restartedMain] HHH000026: Second-level cache disabled
2023-12-23 00:06:55,575 INFO o.s.o.j.p.SpringPersistenceUnitInfo [restartedMain] No LoadTimeWeaver setup: ignoring JPA class transformer
2023-12-23 00:06:55,600 INFO c.z.h.HikariDataSource [restartedMain] HikariPool-1 - Starting...
2023-12-23 00:06:55,600 INFO c.z.h.HikariDataSource [restartedMain] HikariPool-1 - Starting...
2023-12-23 00:06:55,858 INFO c.z.h.p.HikariPool [restartedMain] HikariPool-1 - Added connection com.mysql.cj.jdbc.ConnectionImpl@30e9477c
2023-12-23 00:06:55,858 INFO c.z.h.p.HikariPool [restartedMain] HikariPool-1 - Added connection com.mysql.cj.jdbc.ConnectionImpl@30e9477c
2023-12-23 00:06:55,861 INFO c.z.h.HikariDataSource [restartedMain] HikariPool-1 - Start completed.
2023-12-23 00:06:55,861 INFO c.z.h.HikariDataSource [restartedMain] HikariPool-1 - Start completed.
2023-12-23 00:06:56,506 INFO o.h.m.i.EmbeddableInstantiatorPojoStandard [restartedMain] HHH000182: No default (no-argument) constructor for class: com.example.sudokudbapi.dataModes.Friend (class must be instantiated by Interceptor)
2023-12-23 00:06:56,525 INFO o.h.m.i.EntityInstantiatorPojoStandard [restartedMain] HHH000182: No default (no-argument) constructor for class: com.example.sudokudbapi.dataModes.Friend (class must be instantiated by Interceptor)
2023-12-23 00:06:56,586 INFO o.h.m.i.EmbeddableInstantiatorPojoStandard [restartedMain] HHH000182: No default (no-argument) constructor for class: com.example.sudokudbapi.dataModes.Friend (class must be instantiated by Interceptor)
2023-12-23 00:06:56,697 INFO o.h.e.t.j.p.i.JtaPlatformInitiator [restartedMain] HHH000489: No JTA platform available (set 'hibernate.transaction.jta.platform' to enable JTA platform integration)
2023-12-23 00:06:56,759 INFO o.s.o.j.AbstractEntityManagerFactoryBean [restartedMain] Initialized JPA EntityManagerFactory for persistence unit 'default'
2023-12-23 00:06:57,009 WARN o.s.b.a.o.j.JpaBaseConfiguration$JpaWebConfiguration [restartedMain] spring.jpa.open-in-view is enabled by default. Therefore, database queries may be performed during view rendering. Explicitly configure spring.jpa.open-in-view to disable this warning
2023-12-23 00:06:57,295 INFO o.s.b.d.a.OptionalLiveReloadServer [restartedMain] LiveReload server is running on port 35729
2023-12-23 00:06:57,307 INFO o.a.j.l.DirectJDKLog [restartedMain] Starting ProtocolHandler ["http-nio-9090"]
2023-12-23 00:06:57,325 INFO o.s.b.w.e.t.TomcatWebServer [restartedMain] Tomcat started on port 9090 (http) with context path ''
2023-12-23 00:06:57,333 INFO o.s.b.StartupInfoLogger [restartedMain] Started SudokuDbApiApplication in 3.843 seconds (process running for 4.273)
2023-12-23 00:06:57,333 INFO o.s.b.StartupInfoLogger [restartedMain] Started SudokuDbApiApplication in 3.843 seconds (process running for 4.273)
2023-12-23 00:07:09,509 INFO o.h.v.i.u.Version [background-preinit] HV000001: Hibernate Validator 8.0.1.Final
2023-12-23 00:07:09,558 INFO o.s.b.StartupInfoLogger [restartedMain] Starting SudokuDbApiApplication using Java 17.0.9 with PID 13420 (C:\Users\OPB\Desktop\projects\sudoku\sudoku-db-api\target\classes started by OPB in C:\Users\OPB\Desktop\projects\sudoku\sudoku-db-api)
2023-12-23 00:07:09,558 INFO o.s.b.StartupInfoLogger [restartedMain] Starting SudokuDbApiApplication using Java 17.0.9 with PID 13420 (C:\Users\OPB\Desktop\projects\sudoku\sudoku-db-api\target\classes started by OPB in C:\Users\OPB\Desktop\projects\sudoku\sudoku-db-api)
2023-12-23 00:07:09,560 INFO o.s.b.SpringApplication [restartedMain] No active profile set, falling back to 1 default profile: "default"
2023-12-23 00:07:09,560 INFO o.s.b.SpringApplication [restartedMain] No active profile set, falling back to 1 default profile: "default"
2023-12-23 00:07:09,605 INFO o.s.b.l.DeferredLog [restartedMain] Devtools property defaults active! Set 'spring.devtools.add-properties' to 'false' to disable
2023-12-23 00:07:09,607 INFO o.s.b.l.DeferredLog [restartedMain] For additional web related logging consider setting the 'logging.level.web' property to 'DEBUG'
2023-12-23 00:07:10,191 INFO o.s.d.r.c.RepositoryConfigurationDelegate [restartedMain] Bootstrapping Spring Data JPA repositories in DEFAULT mode.
2023-12-23 00:07:10,255 INFO o.s.d.r.c.RepositoryConfigurationDelegate [restartedMain] Finished Spring Data repository scanning in 56 ms. Found 6 JPA repository interfaces.
2023-12-23 00:07:10,791 INFO o.s.b.w.e.t.TomcatWebServer [restartedMain] Tomcat initialized with port 9090 (http)
2023-12-23 00:07:10,799 INFO o.a.j.l.DirectJDKLog [restartedMain] Initializing ProtocolHandler ["http-nio-9090"]
2023-12-23 00:07:10,801 INFO o.a.j.l.DirectJDKLog [restartedMain] Starting service [Tomcat]
2023-12-23 00:07:10,801 INFO o.a.j.l.DirectJDKLog [restartedMain] Starting Servlet engine: [Apache Tomcat/10.1.16]
2023-12-23 00:07:10,856 INFO o.a.j.l.DirectJDKLog [restartedMain] Initializing Spring embedded WebApplicationContext
2023-12-23 00:07:10,859 INFO o.s.b.w.s.c.ServletWebServerApplicationContext [restartedMain] Root WebApplicationContext: initialization completed in 1249 ms
2023-12-23 00:07:11,003 INFO o.h.j.i.u.LogHelper [restartedMain] HHH000204: Processing PersistenceUnitInfo [name: default]
2023-12-23 00:07:11,053 INFO o.h.Version [restartedMain] HHH000412: Hibernate ORM core version 6.3.1.Final
2023-12-23 00:07:11,086 INFO o.h.c.i.RegionFactoryInitiator [restartedMain] HHH000026: Second-level cache disabled
2023-12-23 00:07:11,276 INFO o.s.o.j.p.SpringPersistenceUnitInfo [restartedMain] No LoadTimeWeaver setup: ignoring JPA class transformer
2023-12-23 00:07:11,302 INFO c.z.h.HikariDataSource [restartedMain] HikariPool-1 - Starting...
2023-12-23 00:07:11,302 INFO c.z.h.HikariDataSource [restartedMain] HikariPool-1 - Starting...
2023-12-23 00:07:11,552 INFO c.z.h.p.HikariPool [restartedMain] HikariPool-1 - Added connection com.mysql.cj.jdbc.ConnectionImpl@3f45418d
2023-12-23 00:07:11,552 INFO c.z.h.p.HikariPool [restartedMain] HikariPool-1 - Added connection com.mysql.cj.jdbc.ConnectionImpl@3f45418d
2023-12-23 00:07:11,555 INFO c.z.h.HikariDataSource [restartedMain] HikariPool-1 - Start completed.
2023-12-23 00:07:11,555 INFO c.z.h.HikariDataSource [restartedMain] HikariPool-1 - Start completed.
2023-12-23 00:07:12,209 INFO o.h.m.i.EmbeddableInstantiatorPojoStandard [restartedMain] HHH000182: No default (no-argument) constructor for class: com.example.sudokudbapi.dataModes.Friend (class must be instantiated by Interceptor)
2023-12-23 00:07:12,230 INFO o.h.m.i.EntityInstantiatorPojoStandard [restartedMain] HHH000182: No default (no-argument) constructor for class: com.example.sudokudbapi.dataModes.Friend (class must be instantiated by Interceptor)
2023-12-23 00:07:12,300 INFO o.h.m.i.EmbeddableInstantiatorPojoStandard [restartedMain] HHH000182: No default (no-argument) constructor for class: com.example.sudokudbapi.dataModes.Friend (class must be instantiated by Interceptor)
2023-12-23 00:07:12,423 INFO o.h.e.t.j.p.i.JtaPlatformInitiator [restartedMain] HHH000489: No JTA platform available (set 'hibernate.transaction.jta.platform' to enable JTA platform integration)
2023-12-23 00:07:12,487 INFO o.s.o.j.AbstractEntityManagerFactoryBean [restartedMain] Initialized JPA EntityManagerFactory for persistence unit 'default'
2023-12-23 00:07:12,763 WARN o.s.b.a.o.j.JpaBaseConfiguration$JpaWebConfiguration [restartedMain] spring.jpa.open-in-view is enabled by default. Therefore, database queries may be performed during view rendering. Explicitly configure spring.jpa.open-in-view to disable this warning
2023-12-23 00:07:13,043 INFO o.s.b.d.a.OptionalLiveReloadServer [restartedMain] LiveReload server is running on port 35729
2023-12-23 00:07:13,055 INFO o.a.j.l.DirectJDKLog [restartedMain] Starting ProtocolHandler ["http-nio-9090"]
2023-12-23 00:07:13,075 INFO o.s.b.w.e.t.TomcatWebServer [restartedMain] Tomcat started on port 9090 (http) with context path ''
2023-12-23 00:07:13,084 INFO o.s.b.StartupInfoLogger [restartedMain] Started SudokuDbApiApplication in 3.927 seconds (process running for 4.356)
2023-12-23 00:07:13,084 INFO o.s.b.StartupInfoLogger [restartedMain] Started SudokuDbApiApplication in 3.927 seconds (process running for 4.356)
2023-12-23 00:08:48,427 INFO o.s.b.d.a.LocalDevToolsAutoConfiguration$RestartingClassPathChangeChangedEventListener [File Watcher] Restarting due to 1 class path change (0 additions, 0 deletions, 1 modification)
2023-12-23 00:08:48,431 INFO o.a.j.l.DirectJDKLog [Thread-5] Stopping ProtocolHandler ["http-nio-9090"]
2023-12-23 00:08:48,440 INFO o.s.o.j.AbstractEntityManagerFactoryBean [Thread-5] Closing JPA EntityManagerFactory for persistence unit 'default'
2023-12-23 00:08:48,443 INFO c.z.h.HikariDataSource [Thread-5] HikariPool-1 - Shutdown initiated...
2023-12-23 00:08:48,443 INFO c.z.h.HikariDataSource [Thread-5] HikariPool-1 - Shutdown initiated...
2023-12-23 00:08:48,450 INFO c.z.h.HikariDataSource [Thread-5] HikariPool-1 - Shutdown completed.
2023-12-23 00:08:48,450 INFO c.z.h.HikariDataSource [Thread-5] HikariPool-1 - Shutdown completed.
2023-12-23 00:08:48,537 INFO o.s.b.StartupInfoLogger [restartedMain] Starting SudokuDbApiApplication using Java 17.0.9 with PID 13420 (C:\Users\OPB\Desktop\projects\sudoku\sudoku-db-api\target\classes started by OPB in C:\Users\OPB\Desktop\projects\sudoku\sudoku-db-api)
2023-12-23 00:08:48,537 INFO o.s.b.StartupInfoLogger [restartedMain] Starting SudokuDbApiApplication using Java 17.0.9 with PID 13420 (C:\Users\OPB\Desktop\projects\sudoku\sudoku-db-api\target\classes started by OPB in C:\Users\OPB\Desktop\projects\sudoku\sudoku-db-api)
2023-12-23 00:08:48,538 INFO o.s.b.SpringApplication [restartedMain] No active profile set, falling back to 1 default profile: "default"
2023-12-23 00:08:48,538 INFO o.s.b.SpringApplication [restartedMain] No active profile set, falling back to 1 default profile: "default"
2023-12-23 00:08:48,719 INFO o.s.d.r.c.RepositoryConfigurationDelegate [restartedMain] Bootstrapping Spring Data JPA repositories in DEFAULT mode.
2023-12-23 00:08:48,734 INFO o.s.d.r.c.RepositoryConfigurationDelegate [restartedMain] Finished Spring Data repository scanning in 14 ms. Found 6 JPA repository interfaces.
2023-12-23 00:08:48,811 INFO o.s.b.w.e.t.TomcatWebServer [restartedMain] Tomcat initialized with port 9090 (http)
2023-12-23 00:08:48,812 INFO o.a.j.l.DirectJDKLog [restartedMain] Initializing ProtocolHandler ["http-nio-9090"]
2023-12-23 00:08:48,813 INFO o.a.j.l.DirectJDKLog [restartedMain] Starting service [Tomcat]
2023-12-23 00:08:48,814 INFO o.a.j.l.DirectJDKLog [restartedMain] Starting Servlet engine: [Apache Tomcat/10.1.16]
2023-12-23 00:08:48,828 INFO o.a.j.l.DirectJDKLog [restartedMain] Initializing Spring embedded WebApplicationContext
2023-12-23 00:08:48,829 INFO o.s.b.w.s.c.ServletWebServerApplicationContext [restartedMain] Root WebApplicationContext: initialization completed in 287 ms
2023-12-23 00:08:48,854 INFO o.h.j.i.u.LogHelper [restartedMain] HHH000204: Processing PersistenceUnitInfo [name: default]
2023-12-23 00:08:48,857 INFO o.h.c.i.RegionFactoryInitiator [restartedMain] HHH000026: Second-level cache disabled
2023-12-23 00:08:48,861 INFO o.s.o.j.p.SpringPersistenceUnitInfo [restartedMain] No LoadTimeWeaver setup: ignoring JPA class transformer
2023-12-23 00:08:48,862 INFO c.z.h.HikariDataSource [restartedMain] HikariPool-2 - Starting...
2023-12-23 00:08:48,862 INFO c.z.h.HikariDataSource [restartedMain] HikariPool-2 - Starting...
2023-12-23 00:08:48,875 INFO c.z.h.p.HikariPool [restartedMain] HikariPool-2 - Added connection com.mysql.cj.jdbc.ConnectionImpl@7f9c8d8f
2023-12-23 00:08:48,875 INFO c.z.h.p.HikariPool [restartedMain] HikariPool-2 - Added connection com.mysql.cj.jdbc.ConnectionImpl@7f9c8d8f
2023-12-23 00:08:48,876 INFO c.z.h.HikariDataSource [restartedMain] HikariPool-2 - Start completed.
2023-12-23 00:08:48,876 INFO c.z.h.HikariDataSource [restartedMain] HikariPool-2 - Start completed.
2023-12-23 00:08:48,932 INFO o.h.m.i.EmbeddableInstantiatorPojoStandard [restartedMain] HHH000182: No default (no-argument) constructor for class: com.example.sudokudbapi.dataModes.Friend (class must be instantiated by Interceptor)
2023-12-23 00:08:48,939 INFO o.h.m.i.EntityInstantiatorPojoStandard [restartedMain] HHH000182: No default (no-argument) constructor for class: com.example.sudokudbapi.dataModes.Friend (class must be instantiated by Interceptor)
2023-12-23 00:08:48,962 INFO o.h.m.i.EmbeddableInstantiatorPojoStandard [restartedMain] HHH000182: No default (no-argument) constructor for class: com.example.sudokudbapi.dataModes.Friend (class must be instantiated by Interceptor)
2023-12-23 00:08:48,971 INFO o.h.e.t.j.p.i.JtaPlatformInitiator [restartedMain] HHH000489: No JTA platform available (set 'hibernate.transaction.jta.platform' to enable JTA platform integration)
2023-12-23 00:08:48,997 INFO o.s.o.j.AbstractEntityManagerFactoryBean [restartedMain] Initialized JPA EntityManagerFactory for persistence unit 'default'
2023-12-23 00:08:49,077 WARN o.s.b.a.o.j.JpaBaseConfiguration$JpaWebConfiguration [restartedMain] spring.jpa.open-in-view is enabled by default. Therefore, database queries may be performed during view rendering. Explicitly configure spring.jpa.open-in-view to disable this warning
2023-12-23 00:08:49,165 INFO o.s.b.d.a.OptionalLiveReloadServer [restartedMain] LiveReload server is running on port 35729
2023-12-23 00:08:49,172 INFO o.a.j.l.DirectJDKLog [restartedMain] Starting ProtocolHandler ["http-nio-9090"]
2023-12-23 00:08:49,178 INFO o.s.b.w.e.t.TomcatWebServer [restartedMain] Tomcat started on port 9090 (http) with context path ''
2023-12-23 00:08:49,182 INFO o.s.b.StartupInfoLogger [restartedMain] Started SudokuDbApiApplication in 0.677 seconds (process running for 100.454)
2023-12-23 00:08:49,182 INFO o.s.b.StartupInfoLogger [restartedMain] Started SudokuDbApiApplication in 0.677 seconds (process running for 100.454)
2023-12-23 00:08:49,185 INFO o.s.b.d.a.ConditionEvaluationDeltaLoggingListener [restartedMain] Condition evaluation unchanged
2023-12-23 00:09:06,835 INFO o.a.j.l.DirectJDKLog [http-nio-9090-exec-1] Initializing Spring DispatcherServlet 'dispatcherServlet'
2023-12-23 00:09:06,835 INFO o.s.w.s.FrameworkServlet [http-nio-9090-exec-1] Initializing Servlet 'dispatcherServlet'
2023-12-23 00:09:06,837 INFO o.s.w.s.FrameworkServlet [http-nio-9090-exec-1] Completed initialization in 1 ms
2023-12-23 00:09:07,106 WARN o.s.w.s.h.AbstractHandlerExceptionResolver [http-nio-9090-exec-1] Resolved [org.springframework.http.converter.HttpMessageNotWritableException: Could not write JSON: No default constructor for entity 'com.example.sudokudbapi.dataModes.Friend']
2023-12-23 00:10:05,038 INFO o.s.b.d.a.LocalDevToolsAutoConfiguration$RestartingClassPathChangeChangedEventListener [File Watcher] Restarting due to 1 class path change (0 additions, 0 deletions, 1 modification)
2023-12-23 00:10:05,040 INFO o.a.j.l.DirectJDKLog [Thread-7] Stopping ProtocolHandler ["http-nio-9090"]
2023-12-23 00:10:05,048 INFO o.s.o.j.AbstractEntityManagerFactoryBean [Thread-7] Closing JPA EntityManagerFactory for persistence unit 'default'
2023-12-23 00:10:05,049 INFO c.z.h.HikariDataSource [Thread-7] HikariPool-2 - Shutdown initiated...
2023-12-23 00:10:05,049 INFO c.z.h.HikariDataSource [Thread-7] HikariPool-2 - Shutdown initiated...
2023-12-23 00:10:05,054 INFO c.z.h.HikariDataSource [Thread-7] HikariPool-2 - Shutdown completed.
2023-12-23 00:10:05,054 INFO c.z.h.HikariDataSource [Thread-7] HikariPool-2 - Shutdown completed.
2023-12-23 00:10:05,151 INFO o.s.b.StartupInfoLogger [restartedMain] Starting SudokuDbApiApplication using Java 17.0.9 with PID 13420 (C:\Users\OPB\Desktop\projects\sudoku\sudoku-db-api\target\classes started by OPB in C:\Users\OPB\Desktop\projects\sudoku\sudoku-db-api)
2023-12-23 00:10:05,151 INFO o.s.b.StartupInfoLogger [restartedMain] Starting SudokuDbApiApplication using Java 17.0.9 with PID 13420 (C:\Users\OPB\Desktop\projects\sudoku\sudoku-db-api\target\classes started by OPB in C:\Users\OPB\Desktop\projects\sudoku\sudoku-db-api)
2023-12-23 00:10:05,153 INFO o.s.b.SpringApplication [restartedMain] No active profile set, falling back to 1 default profile: "default"
2023-12-23 00:10:05,153 INFO o.s.b.SpringApplication [restartedMain] No active profile set, falling back to 1 default profile: "default"
2023-12-23 00:10:05,310 INFO o.s.d.r.c.RepositoryConfigurationDelegate [restartedMain] Bootstrapping Spring Data JPA repositories in DEFAULT mode.
2023-12-23 00:10:05,326 INFO o.s.d.r.c.RepositoryConfigurationDelegate [restartedMain] Finished Spring Data repository scanning in 14 ms. Found 6 JPA repository interfaces.
2023-12-23 00:10:05,398 INFO o.s.b.w.e.t.TomcatWebServer [restartedMain] Tomcat initialized with port 9090 (http)
2023-12-23 00:10:05,399 INFO o.a.j.l.DirectJDKLog [restartedMain] Initializing ProtocolHandler ["http-nio-9090"]
2023-12-23 00:10:05,399 INFO o.a.j.l.DirectJDKLog [restartedMain] Starting service [Tomcat]
2023-12-23 00:10:05,400 INFO o.a.j.l.DirectJDKLog [restartedMain] Starting Servlet engine: [Apache Tomcat/10.1.16]
2023-12-23 00:10:05,415 INFO o.a.j.l.DirectJDKLog [restartedMain] Initializing Spring embedded WebApplicationContext
2023-12-23 00:10:05,416 INFO o.s.b.w.s.c.ServletWebServerApplicationContext [restartedMain] Root WebApplicationContext: initialization completed in 261 ms
2023-12-23 00:10:05,440 INFO o.h.j.i.u.LogHelper [restartedMain] HHH000204: Processing PersistenceUnitInfo [name: default]
2023-12-23 00:10:05,443 INFO o.h.c.i.RegionFactoryInitiator [restartedMain] HHH000026: Second-level cache disabled
2023-12-23 00:10:05,448 INFO o.s.o.j.p.SpringPersistenceUnitInfo [restartedMain] No LoadTimeWeaver setup: ignoring JPA class transformer
2023-12-23 00:10:05,450 INFO c.z.h.HikariDataSource [restartedMain] HikariPool-3 - Starting...
2023-12-23 00:10:05,450 INFO c.z.h.HikariDataSource [restartedMain] HikariPool-3 - Starting...
2023-12-23 00:10:05,461 INFO c.z.h.p.HikariPool [restartedMain] HikariPool-3 - Added connection com.mysql.cj.jdbc.ConnectionImpl@6bbc7ff2
2023-12-23 00:10:05,461 INFO c.z.h.p.HikariPool [restartedMain] HikariPool-3 - Added connection com.mysql.cj.jdbc.ConnectionImpl@6bbc7ff2
2023-12-23 00:10:05,462 INFO c.z.h.HikariDataSource [restartedMain] HikariPool-3 - Start completed.
2023-12-23 00:10:05,462 INFO c.z.h.HikariDataSource [restartedMain] HikariPool-3 - Start completed.
2023-12-23 00:10:05,543 INFO o.h.e.t.j.p.i.JtaPlatformInitiator [restartedMain] HHH000489: No JTA platform available (set 'hibernate.transaction.jta.platform' to enable JTA platform integration)
2023-12-23 00:10:05,573 INFO o.s.o.j.AbstractEntityManagerFactoryBean [restartedMain] Initialized JPA EntityManagerFactory for persistence unit 'default'
2023-12-23 00:10:05,647 WARN o.s.b.a.o.j.JpaBaseConfiguration$JpaWebConfiguration [restartedMain] spring.jpa.open-in-view is enabled by default. Therefore, database queries may be performed during view rendering. Explicitly configure spring.jpa.open-in-view to disable this warning
2023-12-23 00:10:05,727 INFO o.s.b.d.a.OptionalLiveReloadServer [restartedMain] LiveReload server is running on port 35729
2023-12-23 00:10:05,731 INFO o.a.j.l.DirectJDKLog [restartedMain] Starting ProtocolHandler ["http-nio-9090"]
2023-12-23 00:10:05,735 INFO o.s.b.w.e.t.TomcatWebServer [restartedMain] Tomcat started on port 9090 (http) with context path ''
2023-12-23 00:10:05,738 INFO o.s.b.StartupInfoLogger [restartedMain] Started SudokuDbApiApplication in 0.62 seconds (process running for 177.01)
2023-12-23 00:10:05,738 INFO o.s.b.StartupInfoLogger [restartedMain] Started SudokuDbApiApplication in 0.62 seconds (process running for 177.01)
2023-12-23 00:10:05,739 INFO o.s.b.d.a.ConditionEvaluationDeltaLoggingListener [restartedMain] Condition evaluation unchanged
2023-12-23 00:10:16,967 INFO o.a.j.l.DirectJDKLog [http-nio-9090-exec-2] Initializing Spring DispatcherServlet 'dispatcherServlet'
2023-12-23 00:10:16,967 INFO o.s.w.s.FrameworkServlet [http-nio-9090-exec-2] Initializing Servlet 'dispatcherServlet'
2023-12-23 00:10:16,968 INFO o.s.w.s.FrameworkServlet [http-nio-9090-exec-2] Completed initialization in 0 ms
2023-12-23 17:08:29,931 INFO o.h.v.i.u.Version [background-preinit] HV000001: Hibernate Validator 8.0.1.Final
2023-12-23 17:08:29,979 INFO o.s.b.StartupInfoLogger [restartedMain] Starting SudokuDbApiApplication using Java 17.0.9 with PID 17580 (C:\Users\OPB\Desktop\projects\sudoku\sudoku-db-api\target\classes started by OPB in C:\Users\OPB\Desktop\projects\sudoku\sudoku-db-api)
2023-12-23 17:08:29,979 INFO o.s.b.StartupInfoLogger [restartedMain] Starting SudokuDbApiApplication using Java 17.0.9 with PID 17580 (C:\Users\OPB\Desktop\projects\sudoku\sudoku-db-api\target\classes started by OPB in C:\Users\OPB\Desktop\projects\sudoku\sudoku-db-api)
2023-12-23 17:08:29,980 INFO o.s.b.SpringApplication [restartedMain] No active profile set, falling back to 1 default profile: "default"
2023-12-23 17:08:29,980 INFO o.s.b.SpringApplication [restartedMain] No active profile set, falling back to 1 default profile: "default"
2023-12-23 17:08:30,023 INFO o.s.b.l.DeferredLog [restartedMain] Devtools property defaults active! Set 'spring.devtools.add-properties' to 'false' to disable
2023-12-23 17:08:30,023 INFO o.s.b.l.DeferredLog [restartedMain] For additional web related logging consider setting the 'logging.level.web' property to 'DEBUG'
2023-12-23 17:08:30,711 INFO o.s.d.r.c.RepositoryConfigurationDelegate [restartedMain] Bootstrapping Spring Data JPA repositories in DEFAULT mode.
2023-12-23 17:08:30,778 INFO o.s.d.r.c.RepositoryConfigurationDelegate [restartedMain] Finished Spring Data repository scanning in 56 ms. Found 6 JPA repository interfaces.
2023-12-23 17:08:31,343 INFO o.s.b.w.e.t.TomcatWebServer [restartedMain] Tomcat initialized with port 9090 (http)
2023-12-23 17:08:31,352 INFO o.a.j.l.DirectJDKLog [restartedMain] Initializing ProtocolHandler ["http-nio-9090"]
2023-12-23 17:08:31,355 INFO o.a.j.l.DirectJDKLog [restartedMain] Starting service [Tomcat]
2023-12-23 17:08:31,356 INFO o.a.j.l.DirectJDKLog [restartedMain] Starting Servlet engine: [Apache Tomcat/10.1.16]
2023-12-23 17:08:31,408 INFO o.a.j.l.DirectJDKLog [restartedMain] Initializing Spring embedded WebApplicationContext
2023-12-23 17:08:31,410 INFO o.s.b.w.s.c.ServletWebServerApplicationContext [restartedMain] Root WebApplicationContext: initialization completed in 1385 ms
2023-12-23 17:08:31,557 INFO o.h.j.i.u.LogHelper [restartedMain] HHH000204: Processing PersistenceUnitInfo [name: default]
2023-12-23 17:08:31,622 INFO o.h.Version [restartedMain] HHH000412: Hibernate ORM core version 6.3.1.Final
2023-12-23 17:08:31,665 INFO o.h.c.i.RegionFactoryInitiator [restartedMain] HHH000026: Second-level cache disabled
2023-12-23 17:08:31,892 INFO o.s.o.j.p.SpringPersistenceUnitInfo [restartedMain] No LoadTimeWeaver setup: ignoring JPA class transformer
2023-12-23 17:08:31,920 INFO c.z.h.HikariDataSource [restartedMain] HikariPool-1 - Starting...
2023-12-23 17:08:31,920 INFO c.z.h.HikariDataSource [restartedMain] HikariPool-1 - Starting...
2023-12-23 17:08:32,245 INFO c.z.h.p.HikariPool [restartedMain] HikariPool-1 - Added connection com.mysql.cj.jdbc.ConnectionImpl@615b6473
2023-12-23 17:08:32,245 INFO c.z.h.p.HikariPool [restartedMain] HikariPool-1 - Added connection com.mysql.cj.jdbc.ConnectionImpl@615b6473
2023-12-23 17:08:32,247 INFO c.z.h.HikariDataSource [restartedMain] HikariPool-1 - Start completed.
2023-12-23 17:08:32,247 INFO c.z.h.HikariDataSource [restartedMain] HikariPool-1 - Start completed.
2023-12-23 17:08:33,140 INFO o.h.e.t.j.p.i.JtaPlatformInitiator [restartedMain] HHH000489: No JTA platform available (set 'hibernate.transaction.jta.platform' to enable JTA platform integration)
2023-12-23 17:08:33,244 INFO o.s.o.j.AbstractEntityManagerFactoryBean [restartedMain] Initialized JPA EntityManagerFactory for persistence unit 'default'
2023-12-23 17:08:33,506 WARN o.s.b.a.o.j.JpaBaseConfiguration$JpaWebConfiguration [restartedMain] spring.jpa.open-in-view is enabled by default. Therefore, database queries may be performed during view rendering. Explicitly configure spring.jpa.open-in-view to disable this warning
2023-12-23 17:08:33,804 INFO o.s.b.d.a.OptionalLiveReloadServer [restartedMain] LiveReload server is running on port 35729
2023-12-23 17:08:33,815 INFO o.a.j.l.DirectJDKLog [restartedMain] Starting ProtocolHandler ["http-nio-9090"]
2023-12-23 17:08:33,838 INFO o.s.b.w.e.t.TomcatWebServer [restartedMain] Tomcat started on port 9090 (http) with context path ''
2023-12-23 17:08:33,846 INFO o.s.b.StartupInfoLogger [restartedMain] Started SudokuDbApiApplication in 4.296 seconds (process running for 4.839)
2023-12-23 17:08:33,846 INFO o.s.b.StartupInfoLogger [restartedMain] Started SudokuDbApiApplication in 4.296 seconds (process running for 4.839)
2023-12-23 19:17:58,627 INFO o.h.v.i.u.Version [background-preinit] HV000001: Hibernate Validator 8.0.1.Final
2023-12-23 19:17:58,668 INFO o.s.b.StartupInfoLogger [restartedMain] Starting SudokuDbApiApplication using Java 17.0.9 with PID 7076 (C:\Users\OPB\Desktop\projects\sudoku\sudoku-db-api\target\classes started by OPB in C:\Users\OPB\Desktop\projects\sudoku\sudoku-db-api)
2023-12-23 19:17:58,668 INFO o.s.b.StartupInfoLogger [restartedMain] Starting SudokuDbApiApplication using Java 17.0.9 with PID 7076 (C:\Users\OPB\Desktop\projects\sudoku\sudoku-db-api\target\classes started by OPB in C:\Users\OPB\Desktop\projects\sudoku\sudoku-db-api)
2023-12-23 19:17:58,670 INFO o.s.b.SpringApplication [restartedMain] No active profile set, falling back to 1 default profile: "default"
2023-12-23 19:17:58,670 INFO o.s.b.SpringApplication [restartedMain] No active profile set, falling back to 1 default profile: "default"
2023-12-23 19:17:58,705 INFO o.s.b.l.DeferredLog [restartedMain] Devtools property defaults active! Set 'spring.devtools.add-properties' to 'false' to disable
2023-12-23 19:17:58,708 INFO o.s.b.l.DeferredLog [restartedMain] For additional web related logging consider setting the 'logging.level.web' property to 'DEBUG'
2023-12-23 19:17:59,258 INFO o.s.d.r.c.RepositoryConfigurationDelegate [restartedMain] Bootstrapping Spring Data JPA repositories in DEFAULT mode.
2023-12-23 19:17:59,327 INFO o.s.d.r.c.RepositoryConfigurationDelegate [restartedMain] Finished Spring Data repository scanning in 60 ms. Found 6 JPA repository interfaces.
2023-12-23 19:17:59,855 INFO o.s.b.w.e.t.TomcatWebServer [restartedMain] Tomcat initialized with port 9090 (http)
2023-12-23 19:17:59,862 INFO o.a.j.l.DirectJDKLog [restartedMain] Initializing ProtocolHandler ["http-nio-9090"]
2023-12-23 19:17:59,864 INFO o.a.j.l.DirectJDKLog [restartedMain] Starting service [Tomcat]
2023-12-23 19:17:59,864 INFO o.a.j.l.DirectJDKLog [restartedMain] Starting Servlet engine: [Apache Tomcat/10.1.16]
2023-12-23 19:17:59,919 INFO o.a.j.l.DirectJDKLog [restartedMain] Initializing Spring embedded WebApplicationContext
2023-12-23 19:17:59,921 INFO o.s.b.w.s.c.ServletWebServerApplicationContext [restartedMain] Root WebApplicationContext: initialization completed in 1211 ms
2023-12-23 19:18:00,079 INFO o.h.j.i.u.LogHelper [restartedMain] HHH000204: Processing PersistenceUnitInfo [name: default]
2023-12-23 19:18:00,134 INFO o.h.Version [restartedMain] HHH000412: Hibernate ORM core version 6.3.1.Final
2023-12-23 19:18:00,168 INFO o.h.c.i.RegionFactoryInitiator [restartedMain] HHH000026: Second-level cache disabled
2023-12-23 19:18:00,377 INFO o.s.o.j.p.SpringPersistenceUnitInfo [restartedMain] No LoadTimeWeaver setup: ignoring JPA class transformer
2023-12-23 19:18:00,407 INFO c.z.h.HikariDataSource [restartedMain] HikariPool-1 - Starting...
2023-12-23 19:18:00,407 INFO c.z.h.HikariDataSource [restartedMain] HikariPool-1 - Starting...
2023-12-23 19:18:00,670 INFO c.z.h.p.HikariPool [restartedMain] HikariPool-1 - Added connection com.mysql.cj.jdbc.ConnectionImpl@1d4d0b60
2023-12-23 19:18:00,670 INFO c.z.h.p.HikariPool [restartedMain] HikariPool-1 - Added connection com.mysql.cj.jdbc.ConnectionImpl@1d4d0b60
2023-12-23 19:18:00,673 INFO c.z.h.HikariDataSource [restartedMain] HikariPool-1 - Start completed.
2023-12-23 19:18:00,673 INFO c.z.h.HikariDataSource [restartedMain] HikariPool-1 - Start completed.
2023-12-23 19:18:01,548 INFO o.h.e.t.j.p.i.JtaPlatformInitiator [restartedMain] HHH000489: No JTA platform available (set 'hibernate.transaction.jta.platform' to enable JTA platform integration)
2023-12-23 19:18:01,611 INFO o.s.o.j.AbstractEntityManagerFactoryBean [restartedMain] Initialized JPA EntityManagerFactory for persistence unit 'default'
2023-12-23 19:18:01,879 WARN o.s.b.a.o.j.JpaBaseConfiguration$JpaWebConfiguration [restartedMain] spring.jpa.open-in-view is enabled by default. Therefore, database queries may be performed during view rendering. Explicitly configure spring.jpa.open-in-view to disable this warning
2023-12-23 19:18:02,157 INFO o.s.b.d.a.OptionalLiveReloadServer [restartedMain] LiveReload server is running on port 35729
2023-12-23 19:18:02,168 INFO o.a.j.l.DirectJDKLog [restartedMain] Starting ProtocolHandler ["http-nio-9090"]
2023-12-23 19:18:02,187 INFO o.s.b.w.e.t.TomcatWebServer [restartedMain] Tomcat started on port 9090 (http) with context path ''
2023-12-23 19:18:02,194 INFO o.s.b.StartupInfoLogger [restartedMain] Started SudokuDbApiApplication in 3.921 seconds (process running for 4.345)
2023-12-23 19:18:02,194 INFO o.s.b.StartupInfoLogger [restartedMain] Started SudokuDbApiApplication in 3.921 seconds (process running for 4.345)
2023-12-23 19:18:06,890 INFO o.a.j.l.DirectJDKLog [http-nio-9090-exec-1] Initializing Spring DispatcherServlet 'dispatcherServlet'
2023-12-23 19:18:06,891 INFO o.s.w.s.FrameworkServlet [http-nio-9090-exec-1] Initializing Servlet 'dispatcherServlet'
2023-12-23 19:18:06,892 INFO o.s.w.s.FrameworkServlet [http-nio-9090-exec-1] Completed initialization in 1 ms
2023-12-23 19:19:00,719 INFO o.s.b.d.a.LocalDevToolsAutoConfiguration$RestartingClassPathChangeChangedEventListener [File Watcher] Restarting due to 1 class path change (0 additions, 0 deletions, 1 modification)
2023-12-23 19:19:00,723 INFO o.a.j.l.DirectJDKLog [Thread-5] Stopping ProtocolHandler ["http-nio-9090"]
2023-12-23 19:19:00,733 INFO o.s.o.j.AbstractEntityManagerFactoryBean [Thread-5] Closing JPA EntityManagerFactory for persistence unit 'default'
2023-12-23 19:19:00,736 INFO c.z.h.HikariDataSource [Thread-5] HikariPool-1 - Shutdown initiated...
2023-12-23 19:19:00,736 INFO c.z.h.HikariDataSource [Thread-5] HikariPool-1 - Shutdown initiated...
2023-12-23 19:19:00,743 INFO c.z.h.HikariDataSource [Thread-5] HikariPool-1 - Shutdown completed.
2023-12-23 19:19:00,743 INFO c.z.h.HikariDataSource [Thread-5] HikariPool-1 - Shutdown completed.
2023-12-23 19:19:00,831 INFO o.s.b.StartupInfoLogger [restartedMain] Starting SudokuDbApiApplication using Java 17.0.9 with PID 7076 (C:\Users\OPB\Desktop\projects\sudoku\sudoku-db-api\target\classes started by OPB in C:\Users\OPB\Desktop\projects\sudoku\sudoku-db-api)
2023-12-23 19:19:00,831 INFO o.s.b.StartupInfoLogger [restartedMain] Starting SudokuDbApiApplication using Java 17.0.9 with PID 7076 (C:\Users\OPB\Desktop\projects\sudoku\sudoku-db-api\target\classes started by OPB in C:\Users\OPB\Desktop\projects\sudoku\sudoku-db-api)
2023-12-23 19:19:00,833 INFO o.s.b.SpringApplication [restartedMain] No active profile set, falling back to 1 default profile: "default"
2023-12-23 19:19:00,833 INFO o.s.b.SpringApplication [restartedMain] No active profile set, falling back to 1 default profile: "default"
2023-12-23 19:19:01,007 INFO o.s.d.r.c.RepositoryConfigurationDelegate [restartedMain] Bootstrapping Spring Data JPA repositories in DEFAULT mode.
2023-12-23 19:19:01,022 INFO o.s.d.r.c.RepositoryConfigurationDelegate [restartedMain] Finished Spring Data repository scanning in 14 ms. Found 6 JPA repository interfaces.
2023-12-23 19:19:01,098 INFO o.s.b.w.e.t.TomcatWebServer [restartedMain] Tomcat initialized with port 9090 (http)
2023-12-23 19:19:01,100 INFO o.a.j.l.DirectJDKLog [restartedMain] Initializing ProtocolHandler ["http-nio-9090"]
2023-12-23 19:19:01,100 INFO o.a.j.l.DirectJDKLog [restartedMain] Starting service [Tomcat]
2023-12-23 19:19:01,101 INFO o.a.j.l.DirectJDKLog [restartedMain] Starting Servlet engine: [Apache Tomcat/10.1.16]
2023-12-23 19:19:01,117 INFO o.a.j.l.DirectJDKLog [restartedMain] Initializing Spring embedded WebApplicationContext
2023-12-23 19:19:01,118 INFO o.s.b.w.s.c.ServletWebServerApplicationContext [restartedMain] Root WebApplicationContext: initialization completed in 280 ms
2023-12-23 19:19:01,149 INFO o.h.j.i.u.LogHelper [restartedMain] HHH000204: Processing PersistenceUnitInfo [name: default]
2023-12-23 19:19:01,152 INFO o.h.c.i.RegionFactoryInitiator [restartedMain] HHH000026: Second-level cache disabled
2023-12-23 19:19:01,156 INFO o.s.o.j.p.SpringPersistenceUnitInfo [restartedMain] No LoadTimeWeaver setup: ignoring JPA class transformer
2023-12-23 19:19:01,157 INFO c.z.h.HikariDataSource [restartedMain] HikariPool-2 - Starting...
2023-12-23 19:19:01,157 INFO c.z.h.HikariDataSource [restartedMain] HikariPool-2 - Starting...
2023-12-23 19:19:01,170 INFO c.z.h.p.HikariPool [restartedMain] HikariPool-2 - Added connection com.mysql.cj.jdbc.ConnectionImpl@21b926a7
2023-12-23 19:19:01,170 INFO c.z.h.p.HikariPool [restartedMain] HikariPool-2 - Added connection com.mysql.cj.jdbc.ConnectionImpl@21b926a7
2023-12-23 19:19:01,171 INFO c.z.h.HikariDataSource [restartedMain] HikariPool-2 - Start completed.
2023-12-23 19:19:01,171 INFO c.z.h.HikariDataSource [restartedMain] HikariPool-2 - Start completed.
2023-12-23 19:19:01,261 INFO o.h.e.t.j.p.i.JtaPlatformInitiator [restartedMain] HHH000489: No JTA platform available (set 'hibernate.transaction.jta.platform' to enable JTA platform integration)
2023-12-23 19:19:01,295 INFO o.s.o.j.AbstractEntityManagerFactoryBean [restartedMain] Initialized JPA EntityManagerFactory for persistence unit 'default'
2023-12-23 19:19:01,373 WARN o.s.b.a.o.j.JpaBaseConfiguration$JpaWebConfiguration [restartedMain] spring.jpa.open-in-view is enabled by default. Therefore, database queries may be performed during view rendering. Explicitly configure spring.jpa.open-in-view to disable this warning
2023-12-23 19:19:01,453 INFO o.s.b.d.a.OptionalLiveReloadServer [restartedMain] LiveReload server is running on port 35729
2023-12-23 19:19:01,457 INFO o.a.j.l.DirectJDKLog [restartedMain] Starting ProtocolHandler ["http-nio-9090"]
2023-12-23 19:19:01,463 INFO o.s.b.w.e.t.TomcatWebServer [restartedMain] Tomcat started on port 9090 (http) with context path ''
2023-12-23 19:19:01,467 INFO o.s.b.StartupInfoLogger [restartedMain] Started SudokuDbApiApplication in 0.676 seconds (process running for 63.618)
2023-12-23 19:19:01,467 INFO o.s.b.StartupInfoLogger [restartedMain] Started SudokuDbApiApplication in 0.676 seconds (process running for 63.618)
2023-12-23 19:19:01,470 INFO o.s.b.d.a.ConditionEvaluationDeltaLoggingListener [restartedMain] Condition evaluation unchanged
2023-12-23 19:19:11,069 INFO o.s.b.d.a.LocalDevToolsAutoConfiguration$RestartingClassPathChangeChangedEventListener [File Watcher] Restarting due to 1 class path change (0 additions, 0 deletions, 1 modification)
2023-12-23 19:19:11,071 INFO o.a.j.l.DirectJDKLog [Thread-7] Stopping ProtocolHandler ["http-nio-9090"]
2023-12-23 19:19:11,079 INFO o.s.o.j.AbstractEntityManagerFactoryBean [Thread-7] Closing JPA EntityManagerFactory for persistence unit 'default'
2023-12-23 19:19:11,080 INFO c.z.h.HikariDataSource [Thread-7] HikariPool-2 - Shutdown initiated...
2023-12-23 19:19:11,080 INFO c.z.h.HikariDataSource [Thread-7] HikariPool-2 - Shutdown initiated...
2023-12-23 19:19:11,084 INFO c.z.h.HikariDataSource [Thread-7] HikariPool-2 - Shutdown completed.
2023-12-23 19:19:11,084 INFO c.z.h.HikariDataSource [Thread-7] HikariPool-2 - Shutdown completed.
2023-12-23 19:19:11,152 INFO o.s.b.StartupInfoLogger [restartedMain] Starting SudokuDbApiApplication using Java 17.0.9 with PID 7076 (C:\Users\OPB\Desktop\projects\sudoku\sudoku-db-api\target\classes started by OPB in C:\Users\OPB\Desktop\projects\sudoku\sudoku-db-api)
2023-12-23 19:19:11,152 INFO o.s.b.StartupInfoLogger [restartedMain] Starting SudokuDbApiApplication using Java 17.0.9 with PID 7076 (C:\Users\OPB\Desktop\projects\sudoku\sudoku-db-api\target\classes started by OPB in C:\Users\OPB\Desktop\projects\sudoku\sudoku-db-api)
2023-12-23 19:19:11,153 INFO o.s.b.SpringApplication [restartedMain] No active profile set, falling back to 1 default profile: "default"
2023-12-23 19:19:11,153 INFO o.s.b.SpringApplication [restartedMain] No active profile set, falling back to 1 default profile: "default"
2023-12-23 19:19:11,294 INFO o.s.d.r.c.RepositoryConfigurationDelegate [restartedMain] Bootstrapping Spring Data JPA repositories in DEFAULT mode.
2023-12-23 19:19:11,310 INFO o.s.d.r.c.RepositoryConfigurationDelegate [restartedMain] Finished Spring Data repository scanning in 15 ms. Found 6 JPA repository interfaces.
2023-12-23 19:19:11,386 INFO o.s.b.w.e.t.TomcatWebServer [restartedMain] Tomcat initialized with port 9090 (http)
2023-12-23 19:19:11,387 INFO o.a.j.l.DirectJDKLog [restartedMain] Initializing ProtocolHandler ["http-nio-9090"]
2023-12-23 19:19:11,388 INFO o.a.j.l.DirectJDKLog [restartedMain] Starting service [Tomcat]
2023-12-23 19:19:11,388 INFO o.a.j.l.DirectJDKLog [restartedMain] Starting Servlet engine: [Apache Tomcat/10.1.16]
2023-12-23 19:19:11,408 INFO o.a.j.l.DirectJDKLog [restartedMain] Initializing Spring embedded WebApplicationContext
2023-12-23 19:19:11,409 INFO o.s.b.w.s.c.ServletWebServerApplicationContext [restartedMain] Root WebApplicationContext: initialization completed in 254 ms
2023-12-23 19:19:11,433 INFO o.h.j.i.u.LogHelper [restartedMain] HHH000204: Processing PersistenceUnitInfo [name: default]
2023-12-23 19:19:11,436 INFO o.h.c.i.RegionFactoryInitiator [restartedMain] HHH000026: Second-level cache disabled
2023-12-23 19:19:11,441 INFO o.s.o.j.p.SpringPersistenceUnitInfo [restartedMain] No LoadTimeWeaver setup: ignoring JPA class transformer
2023-12-23 19:19:11,442 INFO c.z.h.HikariDataSource [restartedMain] HikariPool-3 - Starting...
2023-12-23 19:19:11,442 INFO c.z.h.HikariDataSource [restartedMain] HikariPool-3 - Starting...
2023-12-23 19:19:11,453 INFO c.z.h.p.HikariPool [restartedMain] HikariPool-3 - Added connection com.mysql.cj.jdbc.ConnectionImpl@675b3c84
2023-12-23 19:19:11,453 INFO c.z.h.p.HikariPool [restartedMain] HikariPool-3 - Added connection com.mysql.cj.jdbc.ConnectionImpl@675b3c84
2023-12-23 19:19:11,454 INFO c.z.h.HikariDataSource [restartedMain] HikariPool-3 - Start completed.
2023-12-23 19:19:11,454 INFO c.z.h.HikariDataSource [restartedMain] HikariPool-3 - Start completed.
2023-12-23 19:19:11,530 INFO o.h.e.t.j.p.i.JtaPlatformInitiator [restartedMain] HHH000489: No JTA platform available (set 'hibernate.transaction.jta.platform' to enable JTA platform integration)
2023-12-23 19:19:11,553 INFO o.s.o.j.AbstractEntityManagerFactoryBean [restartedMain] Initialized JPA EntityManagerFactory for persistence unit 'default'
2023-12-23 19:19:11,620 WARN o.s.b.a.o.j.JpaBaseConfiguration$JpaWebConfiguration [restartedMain] spring.jpa.open-in-view is enabled by default. Therefore, database queries may be performed during view rendering. Explicitly configure spring.jpa.open-in-view to disable this warning
2023-12-23 19:19:11,688 INFO o.s.b.d.a.OptionalLiveReloadServer [restartedMain] LiveReload server is running on port 35729
2023-12-23 19:19:11,692 INFO o.a.j.l.DirectJDKLog [restartedMain] Starting ProtocolHandler ["http-nio-9090"]
2023-12-23 19:19:11,696 INFO o.s.b.w.e.t.TomcatWebServer [restartedMain] Tomcat started on port 9090 (http) with context path ''
2023-12-23 19:19:11,699 INFO o.s.b.StartupInfoLogger [restartedMain] Started SudokuDbApiApplication in 0.575 seconds (process running for 73.851)
2023-12-23 19:19:11,699 INFO o.s.b.StartupInfoLogger [restartedMain] Started SudokuDbApiApplication in 0.575 seconds (process running for 73.851)
2023-12-23 19:19:11,701 INFO o.s.b.d.a.ConditionEvaluationDeltaLoggingListener [restartedMain] Condition evaluation unchanged
2023-12-23 19:19:55,975 INFO o.s.b.d.a.LocalDevToolsAutoConfiguration$RestartingClassPathChangeChangedEventListener [File Watcher] Restarting due to 1 class path change (0 additions, 0 deletions, 1 modification)
2023-12-23 19:19:55,977 INFO o.a.j.l.DirectJDKLog [Thread-11] Stopping ProtocolHandler ["http-nio-9090"]
2023-12-23 19:19:55,985 INFO o.s.o.j.AbstractEntityManagerFactoryBean [Thread-11] Closing JPA EntityManagerFactory for persistence unit 'default'
2023-12-23 19:19:55,986 INFO c.z.h.HikariDataSource [Thread-11] HikariPool-3 - Shutdown initiated...
2023-12-23 19:19:55,986 INFO c.z.h.HikariDataSource [Thread-11] HikariPool-3 - Shutdown initiated...
2023-12-23 19:19:55,990 INFO c.z.h.HikariDataSource [Thread-11] HikariPool-3 - Shutdown completed.
2023-12-23 19:19:55,990 INFO c.z.h.HikariDataSource [Thread-11] HikariPool-3 - Shutdown completed.
2023-12-23 19:19:56,058 INFO o.s.b.StartupInfoLogger [restartedMain] Starting SudokuDbApiApplication using Java 17.0.9 with PID 7076 (C:\Users\OPB\Desktop\projects\sudoku\sudoku-db-api\target\classes started by OPB in C:\Users\OPB\Desktop\projects\sudoku\sudoku-db-api)
2023-12-23 19:19:56,058 INFO o.s.b.StartupInfoLogger [restartedMain] Starting SudokuDbApiApplication using Java 17.0.9 with PID 7076 (C:\Users\OPB\Desktop\projects\sudoku\sudoku-db-api\target\classes started by OPB in C:\Users\OPB\Desktop\projects\sudoku\sudoku-db-api)
2023-12-23 19:19:56,059 INFO o.s.b.SpringApplication [restartedMain] No active profile set, falling back to 1 default profile: "default"
2023-12-23 19:19:56,059 INFO o.s.b.SpringApplication [restartedMain] No active profile set, falling back to 1 default profile: "default"
2023-12-23 19:19:56,198 INFO o.s.d.r.c.RepositoryConfigurationDelegate [restartedMain] Bootstrapping Spring Data JPA repositories in DEFAULT mode.
2023-12-23 19:19:56,213 INFO o.s.d.r.c.RepositoryConfigurationDelegate [restartedMain] Finished Spring Data repository scanning in 13 ms. Found 6 JPA repository interfaces.
2023-12-23 19:19:56,273 INFO o.s.b.w.e.t.TomcatWebServer [restartedMain] Tomcat initialized with port 9090 (http)
2023-12-23 19:19:56,274 INFO o.a.j.l.DirectJDKLog [restartedMain] Initializing ProtocolHandler ["http-nio-9090"]
2023-12-23 19:19:56,275 INFO o.a.j.l.DirectJDKLog [restartedMain] Starting service [Tomcat]
2023-12-23 19:19:56,275 INFO o.a.j.l.DirectJDKLog [restartedMain] Starting Servlet engine: [Apache Tomcat/10.1.16]
2023-12-23 19:19:56,289 INFO o.a.j.l.DirectJDKLog [restartedMain] Initializing Spring embedded WebApplicationContext
2023-12-23 19:19:56,290 INFO o.s.b.w.s.c.ServletWebServerApplicationContext [restartedMain] Root WebApplicationContext: initialization completed in 229 ms
2023-12-23 19:19:56,311 INFO o.h.j.i.u.LogHelper [restartedMain] HHH000204: Processing PersistenceUnitInfo [name: default]
2023-12-23 19:19:56,313 INFO o.h.c.i.RegionFactoryInitiator [restartedMain] HHH000026: Second-level cache disabled
2023-12-23 19:19:56,317 INFO o.s.o.j.p.SpringPersistenceUnitInfo [restartedMain] No LoadTimeWeaver setup: ignoring JPA class transformer
2023-12-23 19:19:56,318 INFO c.z.h.HikariDataSource [restartedMain] HikariPool-4 - Starting...
2023-12-23 19:19:56,318 INFO c.z.h.HikariDataSource [restartedMain] HikariPool-4 - Starting...
2023-12-23 19:19:56,328 INFO c.z.h.p.HikariPool [restartedMain] HikariPool-4 - Added connection com.mysql.cj.jdbc.ConnectionImpl@123618a
2023-12-23 19:19:56,328 INFO c.z.h.p.HikariPool [restartedMain] HikariPool-4 - Added connection com.mysql.cj.jdbc.ConnectionImpl@123618a
2023-12-23 19:19:56,329 INFO c.z.h.HikariDataSource [restartedMain] HikariPool-4 - Start completed.
2023-12-23 19:19:56,329 INFO c.z.h.HikariDataSource [restartedMain] HikariPool-4 - Start completed.
2023-12-23 19:19:56,400 INFO o.h.e.t.j.p.i.JtaPlatformInitiator [restartedMain] HHH000489: No JTA platform available (set 'hibernate.transaction.jta.platform' to enable JTA platform integration)
2023-12-23 19:19:56,421 INFO o.s.o.j.AbstractEntityManagerFactoryBean [restartedMain] Initialized JPA EntityManagerFactory for persistence unit 'default'
2023-12-23 19:19:56,482 WARN o.s.b.a.o.j.JpaBaseConfiguration$JpaWebConfiguration [restartedMain] spring.jpa.open-in-view is enabled by default. Therefore, database queries may be performed during view rendering. Explicitly configure spring.jpa.open-in-view to disable this warning
2023-12-23 19:19:56,543 INFO o.s.b.d.a.OptionalLiveReloadServer [restartedMain] LiveReload server is running on port 35729
2023-12-23 19:19:56,547 INFO o.a.j.l.DirectJDKLog [restartedMain] Starting ProtocolHandler ["http-nio-9090"]
2023-12-23 19:19:56,551 INFO o.s.b.w.e.t.TomcatWebServer [restartedMain] Tomcat started on port 9090 (http) with context path ''
2023-12-23 19:19:56,554 INFO o.s.b.StartupInfoLogger [restartedMain] Started SudokuDbApiApplication in 0.524 seconds (process running for 118.705)
2023-12-23 19:19:56,554 INFO o.s.b.StartupInfoLogger [restartedMain] Started SudokuDbApiApplication in 0.524 seconds (process running for 118.705)
2023-12-23 19:19:56,556 INFO o.s.b.d.a.ConditionEvaluationDeltaLoggingListener [restartedMain] Condition evaluation unchanged
2023-12-23 19:20:42,843 INFO o.s.b.d.a.LocalDevToolsAutoConfiguration$RestartingClassPathChangeChangedEventListener [File Watcher] Restarting due to 1 class path change (0 additions, 0 deletions, 1 modification)
2023-12-23 19:20:42,845 INFO o.a.j.l.DirectJDKLog [Thread-15] Stopping ProtocolHandler ["http-nio-9090"]
2023-12-23 19:20:42,853 INFO o.s.o.j.AbstractEntityManagerFactoryBean [Thread-15] Closing JPA EntityManagerFactory for persistence unit 'default'
2023-12-23 19:20:42,853 INFO c.z.h.HikariDataSource [Thread-15] HikariPool-4 - Shutdown initiated...
2023-12-23 19:20:42,853 INFO c.z.h.HikariDataSource [Thread-15] HikariPool-4 - Shutdown initiated...
2023-12-23 19:20:42,857 INFO c.z.h.HikariDataSource [Thread-15] HikariPool-4 - Shutdown completed.
2023-12-23 19:20:42,857 INFO c.z.h.HikariDataSource [Thread-15] HikariPool-4 - Shutdown completed.
2023-12-23 19:20:42,925 INFO o.s.b.StartupInfoLogger [restartedMain] Starting SudokuDbApiApplication using Java 17.0.9 with PID 7076 (C:\Users\OPB\Desktop\projects\sudoku\sudoku-db-api\target\classes started by OPB in C:\Users\OPB\Desktop\projects\sudoku\sudoku-db-api)
2023-12-23 19:20:42,925 INFO o.s.b.StartupInfoLogger [restartedMain] Starting SudokuDbApiApplication using Java 17.0.9 with PID 7076 (C:\Users\OPB\Desktop\projects\sudoku\sudoku-db-api\target\classes started by OPB in C:\Users\OPB\Desktop\projects\sudoku\sudoku-db-api)
2023-12-23 19:20:42,926 INFO o.s.b.SpringApplication [restartedMain] No active profile set, falling back to 1 default profile: "default"
2023-12-23 19:20:42,926 INFO o.s.b.SpringApplication [restartedMain] No active profile set, falling back to 1 default profile: "default"
2023-12-23 19:20:43,057 INFO o.s.d.r.c.RepositoryConfigurationDelegate [restartedMain] Bootstrapping Spring Data JPA repositories in DEFAULT mode.
2023-12-23 19:20:43,070 INFO o.s.d.r.c.RepositoryConfigurationDelegate [restartedMain] Finished Spring Data repository scanning in 12 ms. Found 6 JPA repository interfaces.
2023-12-23 19:20:43,126 INFO o.s.b.w.e.t.TomcatWebServer [restartedMain] Tomcat initialized with port 9090 (http)
2023-12-23 19:20:43,127 INFO o.a.j.l.DirectJDKLog [restartedMain] Initializing ProtocolHandler ["http-nio-9090"]
2023-12-23 19:20:43,128 INFO o.a.j.l.DirectJDKLog [restartedMain] Starting service [Tomcat]
2023-12-23 19:20:43,128 INFO o.a.j.l.DirectJDKLog [restartedMain] Starting Servlet engine: [Apache Tomcat/10.1.16]
2023-12-23 19:20:43,146 INFO o.a.j.l.DirectJDKLog [restartedMain] Initializing Spring embedded WebApplicationContext
2023-12-23 19:20:43,147 INFO o.s.b.w.s.c.ServletWebServerApplicationContext [restartedMain] Root WebApplicationContext: initialization completed in 218 ms
2023-12-23 19:20:43,168 INFO o.h.j.i.u.LogHelper [restartedMain] HHH000204: Processing PersistenceUnitInfo [name: default]
2023-12-23 19:20:43,171 INFO o.h.c.i.RegionFactoryInitiator [restartedMain] HHH000026: Second-level cache disabled
2023-12-23 19:20:43,175 INFO o.s.o.j.p.SpringPersistenceUnitInfo [restartedMain] No LoadTimeWeaver setup: ignoring JPA class transformer
2023-12-23 19:20:43,176 INFO c.z.h.HikariDataSource [restartedMain] HikariPool-5 - Starting...
2023-12-23 19:20:43,176 INFO c.z.h.HikariDataSource [restartedMain] HikariPool-5 - Starting...
2023-12-23 19:20:43,185 INFO c.z.h.p.HikariPool [restartedMain] HikariPool-5 - Added connection com.mysql.cj.jdbc.ConnectionImpl@5c5782e9
2023-12-23 19:20:43,185 INFO c.z.h.p.HikariPool [restartedMain] HikariPool-5 - Added connection com.mysql.cj.jdbc.ConnectionImpl@5c5782e9
2023-12-23 19:20:43,186 INFO c.z.h.HikariDataSource [restartedMain] HikariPool-5 - Start completed.
2023-12-23 19:20:43,186 INFO c.z.h.HikariDataSource [restartedMain] HikariPool-5 - Start completed.
2023-12-23 19:20:43,253 INFO o.h.e.t.j.p.i.JtaPlatformInitiator [restartedMain] HHH000489: No JTA platform available (set 'hibernate.transaction.jta.platform' to enable JTA platform integration)
2023-12-23 19:20:43,276 INFO o.s.o.j.AbstractEntityManagerFactoryBean [restartedMain] Initialized JPA EntityManagerFactory for persistence unit 'default'
2023-12-23 19:20:43,337 WARN o.s.b.a.o.j.JpaBaseConfiguration$JpaWebConfiguration [restartedMain] spring.jpa.open-in-view is enabled by default. Therefore, database queries may be performed during view rendering. Explicitly configure spring.jpa.open-in-view to disable this warning
2023-12-23 19:20:43,388 INFO o.s.b.d.a.OptionalLiveReloadServer [restartedMain] LiveReload server is running on port 35729
2023-12-23 19:20:43,391 INFO o.a.j.l.DirectJDKLog [restartedMain] Starting ProtocolHandler ["http-nio-9090"]
2023-12-23 19:20:43,394 INFO o.s.b.w.e.t.TomcatWebServer [restartedMain] Tomcat started on port 9090 (http) with context path ''
2023-12-23 19:20:43,397 INFO o.s.b.StartupInfoLogger [restartedMain] Started SudokuDbApiApplication in 0.499 seconds (process running for 165.549)
2023-12-23 19:20:43,397 INFO o.s.b.StartupInfoLogger [restartedMain] Started SudokuDbApiApplication in 0.499 seconds (process running for 165.549)
2023-12-23 19:20:43,399 INFO o.s.b.d.a.ConditionEvaluationDeltaLoggingListener [restartedMain] Condition evaluation unchanged
2023-12-23 19:20:58,082 INFO o.s.b.d.a.LocalDevToolsAutoConfiguration$RestartingClassPathChangeChangedEventListener [File Watcher] Restarting due to 1 class path change (0 additions, 0 deletions, 1 modification)
2023-12-23 19:20:58,084 INFO o.a.j.l.DirectJDKLog [Thread-19] Stopping ProtocolHandler ["http-nio-9090"]
2023-12-23 19:20:58,091 INFO o.s.o.j.AbstractEntityManagerFactoryBean [Thread-19] Closing JPA EntityManagerFactory for persistence unit 'default'
2023-12-23 19:20:58,092 INFO c.z.h.HikariDataSource [Thread-19] HikariPool-5 - Shutdown initiated...
2023-12-23 19:20:58,092 INFO c.z.h.HikariDataSource [Thread-19] HikariPool-5 - Shutdown initiated...
2023-12-23 19:20:58,096 INFO c.z.h.HikariDataSource [Thread-19] HikariPool-5 - Shutdown completed.
2023-12-23 19:20:58,096 INFO c.z.h.HikariDataSource [Thread-19] HikariPool-5 - Shutdown completed.
2023-12-23 19:20:58,160 INFO o.s.b.StartupInfoLogger [restartedMain] Starting SudokuDbApiApplication using Java 17.0.9 with PID 7076 (C:\Users\OPB\Desktop\projects\sudoku\sudoku-db-api\target\classes started by OPB in C:\Users\OPB\Desktop\projects\sudoku\sudoku-db-api)
2023-12-23 19:20:58,160 INFO o.s.b.StartupInfoLogger [restartedMain] Starting SudokuDbApiApplication using Java 17.0.9 with PID 7076 (C:\Users\OPB\Desktop\projects\sudoku\sudoku-db-api\target\classes started by OPB in C:\Users\OPB\Desktop\projects\sudoku\sudoku-db-api)
2023-12-23 19:20:58,160 INFO o.s.b.SpringApplication [restartedMain] No active profile set, falling back to 1 default profile: "default"
2023-12-23 19:20:58,160 INFO o.s.b.SpringApplication [restartedMain] No active profile set, falling back to 1 default profile: "default"
2023-12-23 19:20:58,292 INFO o.s.d.r.c.RepositoryConfigurationDelegate [restartedMain] Bootstrapping Spring Data JPA repositories in DEFAULT mode.
2023-12-23 19:20:58,305 INFO o.s.d.r.c.RepositoryConfigurationDelegate [restartedMain] Finished Spring Data repository scanning in 12 ms. Found 6 JPA repository interfaces.
2023-12-23 19:20:58,359 INFO o.s.b.w.e.t.TomcatWebServer [restartedMain] Tomcat initialized with port 9090 (http)
2023-12-23 19:20:58,359 INFO o.a.j.l.DirectJDKLog [restartedMain] Initializing ProtocolHandler ["http-nio-9090"]
2023-12-23 19:20:58,360 INFO o.a.j.l.DirectJDKLog [restartedMain] Starting service [Tomcat]
2023-12-23 19:20:58,360 INFO o.a.j.l.DirectJDKLog [restartedMain] Starting Servlet engine: [Apache Tomcat/10.1.16]
2023-12-23 19:20:58,378 INFO o.a.j.l.DirectJDKLog [restartedMain] Initializing Spring embedded WebApplicationContext
2023-12-23 19:20:58,379 INFO o.s.b.w.s.c.ServletWebServerApplicationContext [restartedMain] Root WebApplicationContext: initialization completed in 216 ms
2023-12-23 19:20:58,395 INFO o.h.j.i.u.LogHelper [restartedMain] HHH000204: Processing PersistenceUnitInfo [name: default]
2023-12-23 19:20:58,398 INFO o.h.c.i.RegionFactoryInitiator [restartedMain] HHH000026: Second-level cache disabled
2023-12-23 19:20:58,402 INFO o.s.o.j.p.SpringPersistenceUnitInfo [restartedMain] No LoadTimeWeaver setup: ignoring JPA class transformer
2023-12-23 19:20:58,403 INFO c.z.h.HikariDataSource [restartedMain] HikariPool-6 - Starting...
2023-12-23 19:20:58,403 INFO c.z.h.HikariDataSource [restartedMain] HikariPool-6 - Starting...
2023-12-23 19:20:58,411 INFO c.z.h.p.HikariPool [restartedMain] HikariPool-6 - Added connection com.mysql.cj.jdbc.ConnectionImpl@4b0cb165
2023-12-23 19:20:58,411 INFO c.z.h.p.HikariPool [restartedMain] HikariPool-6 - Added connection com.mysql.cj.jdbc.ConnectionImpl@4b0cb165
2023-12-23 19:20:58,413 INFO c.z.h.HikariDataSource [restartedMain] HikariPool-6 - Start completed.
2023-12-23 19:20:58,413 INFO c.z.h.HikariDataSource [restartedMain] HikariPool-6 - Start completed.
2023-12-23 19:20:58,477 INFO o.h.e.t.j.p.i.JtaPlatformInitiator [restartedMain] HHH000489: No JTA platform available (set 'hibernate.transaction.jta.platform' to enable JTA platform integration)
2023-12-23 19:20:58,498 INFO o.s.o.j.AbstractEntityManagerFactoryBean [restartedMain] Initialized JPA EntityManagerFactory for persistence unit 'default'
2023-12-23 19:20:58,556 WARN o.s.b.a.o.j.JpaBaseConfiguration$JpaWebConfiguration [restartedMain] spring.jpa.open-in-view is enabled by default. Therefore, database queries may be performed during view rendering. Explicitly configure spring.jpa.open-in-view to disable this warning
2023-12-23 19:20:58,604 INFO o.s.b.d.a.OptionalLiveReloadServer [restartedMain] LiveReload server is running on port 35729
2023-12-23 19:20:58,607 INFO o.a.j.l.DirectJDKLog [restartedMain] Starting ProtocolHandler ["http-nio-9090"]
2023-12-23 19:20:58,610 INFO o.s.b.w.e.t.TomcatWebServer [restartedMain] Tomcat started on port 9090 (http) with context path ''
2023-12-23 19:20:58,613 INFO o.s.b.StartupInfoLogger [restartedMain] Started SudokuDbApiApplication in 0.476 seconds (process running for 180.764)
2023-12-23 19:20:58,613 INFO o.s.b.StartupInfoLogger [restartedMain] Started SudokuDbApiApplication in 0.476 seconds (process running for 180.764)
2023-12-23 19:20:58,614 INFO o.s.b.d.a.ConditionEvaluationDeltaLoggingListener [restartedMain] Condition evaluation unchanged
2023-12-23 19:21:14,339 INFO o.s.b.d.a.LocalDevToolsAutoConfiguration$RestartingClassPathChangeChangedEventListener [File Watcher] Restarting due to 1 class path change (0 additions, 0 deletions, 1 modification)
2023-12-23 19:21:14,341 INFO o.a.j.l.DirectJDKLog [Thread-23] Stopping ProtocolHandler ["http-nio-9090"]
2023-12-23 19:21:14,348 INFO o.s.o.j.AbstractEntityManagerFactoryBean [Thread-23] Closing JPA EntityManagerFactory for persistence unit 'default'
2023-12-23 19:21:14,349 INFO c.z.h.HikariDataSource [Thread-23] HikariPool-6 - Shutdown initiated...
2023-12-23 19:21:14,349 INFO c.z.h.HikariDataSource [Thread-23] HikariPool-6 - Shutdown initiated...
2023-12-23 19:21:14,353 INFO c.z.h.HikariDataSource [Thread-23] HikariPool-6 - Shutdown completed.
2023-12-23 19:21:14,353 INFO c.z.h.HikariDataSource [Thread-23] HikariPool-6 - Shutdown completed.
2023-12-23 19:21:14,417 INFO o.s.b.StartupInfoLogger [restartedMain] Starting SudokuDbApiApplication using Java 17.0.9 with PID 7076 (C:\Users\OPB\Desktop\projects\sudoku\sudoku-db-api\target\classes started by OPB in C:\Users\OPB\Desktop\projects\sudoku\sudoku-db-api)
2023-12-23 19:21:14,417 INFO o.s.b.StartupInfoLogger [restartedMain] Starting SudokuDbApiApplication using Java 17.0.9 with PID 7076 (C:\Users\OPB\Desktop\projects\sudoku\sudoku-db-api\target\classes started by OPB in C:\Users\OPB\Desktop\projects\sudoku\sudoku-db-api)
2023-12-23 19:21:14,418 INFO o.s.b.SpringApplication [restartedMain] No active profile set, falling back to 1 default profile: "default"
2023-12-23 19:21:14,418 INFO o.s.b.SpringApplication [restartedMain] No active profile set, falling back to 1 default profile: "default"
2023-12-23 19:21:14,544 INFO o.s.d.r.c.RepositoryConfigurationDelegate [restartedMain] Bootstrapping Spring Data JPA repositories in DEFAULT mode.
2023-12-23 19:21:14,560 INFO o.s.d.r.c.RepositoryConfigurationDelegate [restartedMain] Finished Spring Data repository scanning in 14 ms. Found 6 JPA repository interfaces.
2023-12-23 19:21:14,618 INFO o.s.b.w.e.t.TomcatWebServer [restartedMain] Tomcat initialized with port 9090 (http)
2023-12-23 19:21:14,619 INFO o.a.j.l.DirectJDKLog [restartedMain] Initializing ProtocolHandler ["http-nio-9090"]
2023-12-23 19:21:14,620 INFO o.a.j.l.DirectJDKLog [restartedMain] Starting service [Tomcat]
2023-12-23 19:21:14,620 INFO o.a.j.l.DirectJDKLog [restartedMain] Starting Servlet engine: [Apache Tomcat/10.1.16]
2023-12-23 19:21:14,636 INFO o.a.j.l.DirectJDKLog [restartedMain] Initializing Spring embedded WebApplicationContext
2023-12-23 19:21:14,636 INFO o.s.b.w.s.c.ServletWebServerApplicationContext [restartedMain] Root WebApplicationContext: initialization completed in 216 ms
2023-12-23 19:21:14,656 INFO o.h.j.i.u.LogHelper [restartedMain] HHH000204: Processing PersistenceUnitInfo [name: default]
2023-12-23 19:21:14,658 INFO o.h.c.i.RegionFactoryInitiator [restartedMain] HHH000026: Second-level cache disabled
2023-12-23 19:21:14,661 INFO o.s.o.j.p.SpringPersistenceUnitInfo [restartedMain] No LoadTimeWeaver setup: ignoring JPA class transformer
2023-12-23 19:21:14,662 INFO c.z.h.HikariDataSource [restartedMain] HikariPool-7 - Starting...
2023-12-23 19:21:14,662 INFO c.z.h.HikariDataSource [restartedMain] HikariPool-7 - Starting...
2023-12-23 19:21:14,672 INFO c.z.h.p.HikariPool [restartedMain] HikariPool-7 - Added connection com.mysql.cj.jdbc.ConnectionImpl@5cd23a3b
2023-12-23 19:21:14,672 INFO c.z.h.p.HikariPool [restartedMain] HikariPool-7 - Added connection com.mysql.cj.jdbc.ConnectionImpl@5cd23a3b
2023-12-23 19:21:14,673 INFO c.z.h.HikariDataSource [restartedMain] HikariPool-7 - Start completed.
2023-12-23 19:21:14,673 INFO c.z.h.HikariDataSource [restartedMain] HikariPool-7 - Start completed.
2023-12-23 19:21:14,733 INFO o.h.e.t.j.p.i.JtaPlatformInitiator [restartedMain] HHH000489: No JTA platform available (set 'hibernate.transaction.jta.platform' to enable JTA platform integration)
2023-12-23 19:21:14,755 INFO o.s.o.j.AbstractEntityManagerFactoryBean [restartedMain] Initialized JPA EntityManagerFactory for persistence unit 'default'
2023-12-23 19:21:14,810 WARN o.s.b.a.o.j.JpaBaseConfiguration$JpaWebConfiguration [restartedMain] spring.jpa.open-in-view is enabled by default. Therefore, database queries may be performed during view rendering. Explicitly configure spring.jpa.open-in-view to disable this warning
2023-12-23 19:21:14,871 INFO o.s.b.d.a.OptionalLiveReloadServer [restartedMain] LiveReload server is running on port 35729
2023-12-23 19:21:14,874 INFO o.a.j.l.DirectJDKLog [restartedMain] Starting ProtocolHandler ["http-nio-9090"]
2023-12-23 19:21:14,877 INFO o.s.b.w.e.t.TomcatWebServer [restartedMain] Tomcat started on port 9090 (http) with context path ''
2023-12-23 19:21:14,880 INFO o.s.b.StartupInfoLogger [restartedMain] Started SudokuDbApiApplication in 0.485 seconds (process running for 197.031)
2023-12-23 19:21:14,880 INFO o.s.b.StartupInfoLogger [restartedMain] Started SudokuDbApiApplication in 0.485 seconds (process running for 197.031)
2023-12-23 19:21:14,881 INFO o.s.b.d.a.ConditionEvaluationDeltaLoggingListener [restartedMain] Condition evaluation unchanged
2023-12-23 19:21:47,908 INFO o.a.j.l.DirectJDKLog [http-nio-9090-exec-1] Initializing Spring DispatcherServlet 'dispatcherServlet'
2023-12-23 19:21:47,908 INFO o.s.w.s.FrameworkServlet [http-nio-9090-exec-1] Initializing Servlet 'dispatcherServlet'
2023-12-23 19:21:47,909 INFO o.s.w.s.FrameworkServlet [http-nio-9090-exec-1] Completed initialization in 1 ms
2023-12-23 19:21:47,915 WARN o.s.w.s.h.AbstractHandlerExceptionResolver [http-nio-9090-exec-1] Resolved [org.springframework.web.method.annotation.MethodArgumentTypeMismatchException: Failed to convert value of type 'java.lang.String' to required type 'long'; For input string: "id=1"]
2023-12-23 19:22:31,847 INFO o.s.b.d.a.LocalDevToolsAutoConfiguration$RestartingClassPathChangeChangedEventListener [File Watcher] Restarting due to 1 class path change (0 additions, 0 deletions, 1 modification)
2023-12-23 19:22:31,849 INFO o.a.j.l.DirectJDKLog [Thread-27] Stopping ProtocolHandler ["http-nio-9090"]
2023-12-23 19:22:31,856 INFO o.s.o.j.AbstractEntityManagerFactoryBean [Thread-27] Closing JPA EntityManagerFactory for persistence unit 'default'
2023-12-23 19:22:31,857 INFO c.z.h.HikariDataSource [Thread-27] HikariPool-7 - Shutdown initiated...
2023-12-23 19:22:31,857 INFO c.z.h.HikariDataSource [Thread-27] HikariPool-7 - Shutdown initiated...
2023-12-23 19:22:31,860 INFO c.z.h.HikariDataSource [Thread-27] HikariPool-7 - Shutdown completed.
2023-12-23 19:22:31,860 INFO c.z.h.HikariDataSource [Thread-27] HikariPool-7 - Shutdown completed.
2023-12-23 19:22:31,923 INFO o.s.b.StartupInfoLogger [restartedMain] Starting SudokuDbApiApplication using Java 17.0.9 with PID 7076 (C:\Users\OPB\Desktop\projects\sudoku\sudoku-db-api\target\classes started by OPB in C:\Users\OPB\Desktop\projects\sudoku\sudoku-db-api)
2023-12-23 19:22:31,923 INFO o.s.b.StartupInfoLogger [restartedMain] Starting SudokuDbApiApplication using Java 17.0.9 with PID 7076 (C:\Users\OPB\Desktop\projects\sudoku\sudoku-db-api\target\classes started by OPB in C:\Users\OPB\Desktop\projects\sudoku\sudoku-db-api)
2023-12-23 19:22:31,924 INFO o.s.b.SpringApplication [restartedMain] No active profile set, falling back to 1 default profile: "default"
2023-12-23 19:22:31,924 INFO o.s.b.SpringApplication [restartedMain] No active profile set, falling back to 1 default profile: "default"
2023-12-23 19:22:32,029 INFO o.s.d.r.c.RepositoryConfigurationDelegate [restartedMain] Bootstrapping Spring Data JPA repositories in DEFAULT mode.
2023-12-23 19:22:32,041 INFO o.s.d.r.c.RepositoryConfigurationDelegate [restartedMain] Finished Spring Data repository scanning in 11 ms. Found 6 JPA repository interfaces.
2023-12-23 19:22:32,092 INFO o.s.b.w.e.t.TomcatWebServer [restartedMain] Tomcat initialized with port 9090 (http)
2023-12-23 19:22:32,092 INFO o.a.j.l.DirectJDKLog [restartedMain] Initializing ProtocolHandler ["http-nio-9090"]
2023-12-23 19:22:32,093 INFO o.a.j.l.DirectJDKLog [restartedMain] Starting service [Tomcat]
2023-12-23 19:22:32,093 INFO o.a.j.l.DirectJDKLog [restartedMain] Starting Servlet engine: [Apache Tomcat/10.1.16]
2023-12-23 19:22:32,111 INFO o.a.j.l.DirectJDKLog [restartedMain] Initializing Spring embedded WebApplicationContext
2023-12-23 19:22:32,112 INFO o.s.b.w.s.c.ServletWebServerApplicationContext [restartedMain] Root WebApplicationContext: initialization completed in 186 ms
2023-12-23 19:22:32,130 INFO o.h.j.i.u.LogHelper [restartedMain] HHH000204: Processing PersistenceUnitInfo [name: default]
2023-12-23 19:22:32,132 INFO o.h.c.i.RegionFactoryInitiator [restartedMain] HHH000026: Second-level cache disabled
2023-12-23 19:22:32,135 INFO o.s.o.j.p.SpringPersistenceUnitInfo [restartedMain] No LoadTimeWeaver setup: ignoring JPA class transformer
2023-12-23 19:22:32,136 INFO c.z.h.HikariDataSource [restartedMain] HikariPool-8 - Starting...
2023-12-23 19:22:32,136 INFO c.z.h.HikariDataSource [restartedMain] HikariPool-8 - Starting...
2023-12-23 19:22:32,145 INFO c.z.h.p.HikariPool [restartedMain] HikariPool-8 - Added connection com.mysql.cj.jdbc.ConnectionImpl@2034e967
2023-12-23 19:22:32,145 INFO c.z.h.p.HikariPool [restartedMain] HikariPool-8 - Added connection com.mysql.cj.jdbc.ConnectionImpl@2034e967
2023-12-23 19:22:32,146 INFO c.z.h.HikariDataSource [restartedMain] HikariPool-8 - Start completed.
2023-12-23 19:22:32,146 INFO c.z.h.HikariDataSource [restartedMain] HikariPool-8 - Start completed.
2023-12-23 19:22:32,206 INFO o.h.e.t.j.p.i.JtaPlatformInitiator [restartedMain] HHH000489: No JTA platform available (set 'hibernate.transaction.jta.platform' to enable JTA platform integration)
2023-12-23 19:22:32,229 INFO o.s.o.j.AbstractEntityManagerFactoryBean [restartedMain] Initialized JPA EntityManagerFactory for persistence unit 'default'
2023-12-23 19:22:32,282 WARN o.s.b.a.o.j.JpaBaseConfiguration$JpaWebConfiguration [restartedMain] spring.jpa.open-in-view is enabled by default. Therefore, database queries may be performed during view rendering. Explicitly configure spring.jpa.open-in-view to disable this warning
2023-12-23 19:22:32,331 INFO o.s.b.d.a.OptionalLiveReloadServer [restartedMain] LiveReload server is running on port 35729
2023-12-23 19:22:32,334 INFO o.a.j.l.DirectJDKLog [restartedMain] Starting ProtocolHandler ["http-nio-9090"]
2023-12-23 19:22:32,337 INFO o.s.b.w.e.t.TomcatWebServer [restartedMain] Tomcat started on port 9090 (http) with context path ''
2023-12-23 19:22:32,339 INFO o.s.b.StartupInfoLogger [restartedMain] Started SudokuDbApiApplication in 0.438 seconds (process running for 274.491)
2023-12-23 19:22:32,339 INFO o.s.b.StartupInfoLogger [restartedMain] Started SudokuDbApiApplication in 0.438 seconds (process running for 274.491)
2023-12-23 19:22:32,340 INFO o.s.b.d.a.ConditionEvaluationDeltaLoggingListener [restartedMain] Condition evaluation unchanged
